   ▲ Next.js 15.5.4
   - Local:        http://localhost:3000
   - Network:      http://79.137.192.124:3000

 ✓ Starting...
 ✓ Ready in 13.3s
   ▲ Next.js 15.5.4
   - Local:        http://localhost:3000
   - Network:      http://79.137.192.124:3000

 ✓ Starting...
 ✓ Ready in 684ms
   ▲ Next.js 15.5.4
   - Local:        http://localhost:3000
   - Network:      http://79.137.192.124:3000

 ✓ Starting...
 ✓ Ready in 660ms
   ▲ Next.js 15.5.4
   - Local:        http://localhost:3000
   - Network:      http://79.137.192.124:3000

 ✓ Starting...
 ✓ Ready in 563ms
   ▲ Next.js 15.5.6
   - Local:        http://localhost:3000
   - Network:      http://79.137.192.124:3000

 ✓ Starting...
 ✓ Ready in 580ms
